..\Imagens Originais\model\balloon\bal000c.nsbmd.bmp > A3I5
..\Imagens Originais\model\balloon\bal000l.nsbmd.bmp > A3I5
..\Imagens Originais\model\balloon\bal000r.nsbmd.bmp > A3I5
..\Imagens Originais\model\balloon\bal001c.nsbmd.bmp > A3I5
..\Imagens Originais\model\balloon\bal001l.nsbmd.bmp > A3I5
..\Imagens Originais\model\balloon\bal001r.nsbmd.bmp > A3I5
..\Imagens Originais\model\balloon\bal002c.nsbmd.bmp > A3I5
..\Imagens Originais\model\balloon\bal002l.nsbmd.bmp > A3I5
..\Imagens Originais\model\balloon\bal002r.nsbmd.bmp > A3I5
..\Imagens Originais\model\balloon\bal003l.nsbmd.bmp > A3I5
..\Imagens Originais\model\balloon\bal003r.nsbmd.bmp > A3I5
..\Imagens Originais\model\balloon\bal004a.nsbmd.bmp > A3I5
..\Imagens Originais\model\balloon\bal005c.nsbmd.bmp > A3I5
..\Imagens Originais\model\balloon\bal005l.nsbmd.bmp > A3I5
..\Imagens Originais\model\balloon\bal005r.nsbmd.bmp > A3I5
..\Imagens Originais\model\balloon\bal006c.nsbmd.bmp > A3I5
..\Imagens Originais\model\balloon\bal006l.nsbmd.bmp > A3I5
..\Imagens Originais\model\balloon\bal006r.nsbmd.bmp > A3I5
..\Imagens Originais\model\balloon\bal007c.nsbmd.bmp > A3I5
..\Imagens Originais\model\balloon\bal007l.nsbmd.bmp > A3I5
..\Imagens Originais\model\balloon\bal007r.nsbmd.bmp > A3I5
..\Imagens Originais\model\balloon\bal008l.nsbmd.bmp > A3I5
..\Imagens Originais\model\balloon\bal008r.nsbmd.bmp > A3I5
..\Imagens Originais\model\balloon\bal009c.nsbmd.bmp > A3I5
..\Imagens Originais\model\balloon\bal009l.nsbmd.bmp > A3I5
..\Imagens Originais\model\balloon\bal009r.nsbmd.bmp > A3I5
..\Imagens Originais\model\balloon\bal010c.nsbmd.bmp > A3I5
..\Imagens Originais\model\balloon\bal010l.nsbmd.bmp > A3I5
..\Imagens Originais\model\balloon\bal010r.nsbmd.bmp > A3I5
..\Imagens Originais\model\balloon\bal011c.nsbmd.bmp > A3I5
..\Imagens Originais\model\balloon\bal011l.nsbmd.bmp > A3I5
..\Imagens Originais\model\balloon\bal011r.nsbmd.bmp > A3I5
..\Imagens Originais\model\balloon\bal012c.nsbmd.bmp > A3I5
..\Imagens Originais\model\balloon\bal013c.nsbmd.bmp > A3I5
..\Imagens Originais\model\balloon\bal014c.nsbmd.bmp > A3I5
..\Imagens Originais\model\balloon\bal014r.nsbmd.bmp > A3I5
..\Imagens Originais\model\balloon\bal015c.nsbmd.bmp > A3I5
..\Imagens Originais\model\balloon\bal016c.nsbmd.bmp > A3I5
..\Imagens Originais\model\balloon\bal017c.nsbmd.bmp > A3I5
..\Imagens Originais\model\balloon\bal017r.nsbmd.bmp > A3I5
..\Imagens Originais\model\balloon\bal018c.nsbmd.bmp > A3I5
..\Imagens Originais\model\balloon\bal018l.nsbmd.bmp > A3I5
..\Imagens Originais\model\balloon\bal018r.nsbmd.bmp > A3I5
..\Imagens Originais\model\balloon\bal019c.nsbmd.bmp > A3I5
..\Imagens Originais\model\balloon\bal019l.nsbmd.bmp > A3I5
..\Imagens Originais\model\balloon\bal019r.nsbmd.bmp > A3I5
..\Imagens Originais\model\balloon\bal020c.nsbmd.bmp > A3I5
..\Imagens Originais\model\balloon\bal020l.nsbmd.bmp > A3I5
..\Imagens Originais\model\balloon\bal020r.nsbmd.bmp > A3I5
..\Imagens Originais\model\balloon\balh00a.nsbmd.bmp > 256-Color
..\Imagens Originais\model\balloon\balh01a.nsbmd.bmp > 256-Color
..\Imagens Originais\model\balloon\balh02a.nsbmd.bmp > 256-Color
..\Imagens Originais\model\balloon\balh03a.nsbmd.bmp > 256-Color
..\Imagens Originais\model\balloon\balh04a.nsbmd.bmp > 256-Color
..\Imagens Originais\model\balloon\balh05a.nsbmd.bmp > 256-Color
..\Imagens Originais\model\balloon\balh06a.nsbmd.bmp > 256-Color
..\Imagens Originais\model\balloon\balh07a.nsbmd.bmp > 256-Color
..\Imagens Originais\model\balloon\balh08a.nsbmd.bmp > 256-Color
..\Imagens Originais\model\balloon\balh09a.nsbmd.bmp > 256-Color
..\Imagens Originais\model\balloon\balh10a.nsbmd.bmp > 256-Color
..\Imagens Originais\model\balloon\balh11a.nsbmd.bmp > 256-Color
..\Imagens Originais\model\balloon\balh12a.nsbmd.bmp > 256-Color
..\Imagens Originais\model\balloon\balh13a.nsbmd.bmp > 256-Color
..\Imagens Originais\model\balloon\balh14a.nsbmd.bmp > 256-Color
..\Imagens Originais\model\balloon\balh15a.nsbmd.bmp > 256-Color
..\Imagens Originais\model\balloon\balh16a.nsbmd.bmp > 256-Color
..\Imagens Originais\model\balloon\balh17a.nsbmd.bmp > 256-Color
..\Imagens Originais\model\balloon\balh18a.nsbmd.bmp > 256-Color
..\Imagens Originais\model\bg\bg000a.nsbmd.bmp > 16-Color
..\Imagens Originais\model\bg\bg001a.nsbmd.bmp > 16-Color
..\Imagens Originais\model\bg\bg002a.nsbmd.bmp > 16-Color
..\Imagens Originais\model\bg\bg003a.nsbmd.bmp > 16-Color
..\Imagens Originais\model\bg\bg004a.nsbmd.bmp > 16-Color
..\Imagens Originais\model\bg\bg005a.nsbmd.bmp > 16-Color
..\Imagens Originais\model\bg\bg006a.nsbmd.bmp > 16-Color
..\Imagens Originais\model\bg\bg007a.nsbmd.bmp > 16-Color
..\Imagens Originais\model\bg\bg008a.nsbmd.bmp > 4-Color
..\Imagens Originais\model\bg\bg009a.nsbmd.bmp > 4-Color
..\Imagens Originais\model\bg\bg010a.nsbmd.bmp > 16-Color
..\Imagens Originais\model\bg\bg011a.nsbmd.bmp > 16-Color
..\Imagens Originais\model\bg\bg012a.nsbmd.bmp > 16-Color
..\Imagens Originais\model\bg\bg020a.nsbmd.bmp > 16-Color
..\Imagens Originais\model\bg\bg030a.nsbmd.bmp > 16-Color
..\Imagens Originais\model\bg\bg031a.nsbmd.bmp > 16-Color
..\Imagens Originais\model\bg\bg040a.nsbmd.bmp > 16-Color
..\Imagens Originais\model\bg\bg041a.nsbmd.bmp > 16-Color
..\Imagens Originais\model\bg\bg042a.nsbmd.bmp > 16-Color
..\Imagens Originais\model\bg\bg043a.nsbmd.bmp > 16-Color
..\Imagens Originais\model\bg\bgkirawin.nsbmd.bmp > 256-Color
..\Imagens Originais\model\bg\bglose.nsbmd.bmp > 256-Color
..\Imagens Originais\model\bg\bglwin.nsbmd.bmp > 256-Color
..\Imagens Originais\model\bg\bgst000a.nsbmd.bmp > 256-Color
..\Imagens Originais\model\bg\b_title.nsbmd.bmp > 256-Color
..\Imagens Originais\model\bg\douchou.nsbmd.bmp > 16-Color
..\Imagens Originais\model\bg\etut00k.nsbmd.bmp > 256-Color
..\Imagens Originais\model\bg\etut00l.nsbmd.bmp > 256-Color
..\Imagens Originais\model\bg\etut01k.nsbmd.bmp > 256-Color
..\Imagens Originais\model\bg\etut01l.nsbmd.bmp > 256-Color
..\Imagens Originais\model\bg\etut10a.nsbmd.bmp > 256-Color
..\Imagens Originais\model\bg\etut11a.nsbmd.bmp > 256-Color
..\Imagens Originais\model\bg\etut12a.nsbmd.bmp > 256-Color
..\Imagens Originais\model\bg\etut13a.nsbmd.bmp > 256-Color
..\Imagens Originais\model\bg\etut14a.nsbmd.bmp > 256-Color
..\Imagens Originais\model\bg\etut15a.nsbmd.bmp > 256-Color
..\Imagens Originais\model\bg\gameover.nsbmd.bmp > 256-Color
..\Imagens Originais\model\bg\getapple.nsbmd.bmp > 16-Color
..\Imagens Originais\model\bg\giwaku1a.nsbmd.bmp > 16-Color
..\Imagens Originais\model\bg\giwaku2a.nsbmd.bmp > 16-Color
..\Imagens Originais\model\bg\hanron.nsbmd.bmp > 16-Color
..\Imagens Originais\model\bg\jyouken.nsbmd.bmp > 4-Color
..\Imagens Originais\model\bg\kaibg0a.nsbmd.bmp > 16-Color
..\Imagens Originais\model\bg\kaibg1a.nsbmd.bmp > 16-Color
..\Imagens Originais\model\bg\kaishi0a.nsbmd.bmp > 256-Color
..\Imagens Originais\model\bg\kaishi1a.nsbmd.bmp > 256-Color
..\Imagens Originais\model\bg\mission_apple.nsbmd.bmp > 16-Color
..\Imagens Originais\model\bg\req01a.nsbmd.bmp > 256-Color
..\Imagens Originais\model\bg\req02a.nsbmd.bmp > 256-Color
..\Imagens Originais\model\bg\req03a.nsbmd.bmp > 256-Color
..\Imagens Originais\model\bg\req04a.nsbmd.bmp > 256-Color
..\Imagens Originais\model\bg\req05a.nsbmd.bmp > 256-Color
..\Imagens Originais\model\bg\req06a.nsbmd.bmp > 256-Color
..\Imagens Originais\model\bg\req07a.nsbmd.bmp > 256-Color
..\Imagens Originais\model\bg\req08a.nsbmd.bmp > 256-Color
..\Imagens Originais\model\bg\req09a.nsbmd.bmp > 256-Color
..\Imagens Originais\model\bg\req10a.nsbmd.bmp > 256-Color
..\Imagens Originais\model\bg\req11a.nsbmd.bmp > 256-Color
..\Imagens Originais\model\bg\req12a.nsbmd.bmp > 256-Color
..\Imagens Originais\model\bg\req13a.nsbmd.bmp > 256-Color
..\Imagens Originais\model\bg\req14a.nsbmd.bmp > 256-Color
..\Imagens Originais\model\bg\req15a.nsbmd.bmp > 256-Color
..\Imagens Originais\model\bg\req16a.nsbmd.bmp > 256-Color
..\Imagens Originais\model\bg\req17a.nsbmd.bmp > 256-Color
..\Imagens Originais\model\bg\req18a.nsbmd.bmp > 256-Color
..\Imagens Originais\model\bg\req19a.nsbmd.bmp > 256-Color
..\Imagens Originais\model\bg\req20a.nsbmd.bmp > 256-Color
..\Imagens Originais\model\bg\reqapple1a.nsbmd.bmp > 256-Color
..\Imagens Originais\model\bg\reqapple2a.nsbmd.bmp > 256-Color
..\Imagens Originais\model\bg\taikou1a.nsbmd.bmp > 256-Color
..\Imagens Originais\model\bg\taikou2a.nsbmd.bmp > 256-Color
..\Imagens Originais\model\bg\title00a.nsbmd.bmp > 256-Color
..\Imagens Originais\model\bg\title01a.nsbmd.bmp > 256-Color
..\Imagens Originais\model\bg\title02a.nsbmd.bmp > 256-Color
..\Imagens Originais\model\bg\title03a.nsbmd.bmp > 256-Color
..\Imagens Originais\model\bg\title04a.nsbmd.bmp > 256-Color
..\Imagens Originais\model\bg\title05a.nsbmd.bmp > 256-Color
..\Imagens Originais\model\char\char00000c.nsbmd.bmp > 256-Color
..\Imagens Originais\model\char\char00000l.nsbmd.bmp > 256-Color
..\Imagens Originais\model\char\char00000r.nsbmd.bmp > 256-Color
..\Imagens Originais\model\char\char00001c.nsbmd.bmp > 256-Color
..\Imagens Originais\model\char\char00001l.nsbmd.bmp > 256-Color
..\Imagens Originais\model\char\char00001r.nsbmd.bmp > 256-Color
..\Imagens Originais\model\char\char00002c.nsbmd.bmp > 256-Color
..\Imagens Originais\model\char\char00002l.nsbmd.bmp > 256-Color
..\Imagens Originais\model\char\char00002r.nsbmd.bmp > 256-Color
..\Imagens Originais\model\char\char00003c.nsbmd.bmp > 256-Color
..\Imagens Originais\model\char\char00003l.nsbmd.bmp > 256-Color
..\Imagens Originais\model\char\char00003r.nsbmd.bmp > 256-Color
..\Imagens Originais\model\char\char00004c.nsbmd.bmp > 256-Color
..\Imagens Originais\model\char\char00004l.nsbmd.bmp > 256-Color
..\Imagens Originais\model\char\char00004r.nsbmd.bmp > 256-Color
..\Imagens Originais\model\char\char00005c.nsbmd.bmp > 256-Color
..\Imagens Originais\model\char\char00005l.nsbmd.bmp > 256-Color
..\Imagens Originais\model\char\char00005r.nsbmd.bmp > 256-Color
..\Imagens Originais\model\char\char00006c.nsbmd.bmp > 256-Color
..\Imagens Originais\model\char\char00006l.nsbmd.bmp > 256-Color
..\Imagens Originais\model\char\char00006r.nsbmd.bmp > 256-Color
..\Imagens Originais\model\char\char01000c.nsbmd.bmp > 256-Color
..\Imagens Originais\model\char\char01000l.nsbmd.bmp > 256-Color
..\Imagens Originais\model\char\char01000r.nsbmd.bmp > 256-Color
..\Imagens Originais\model\char\char01001c.nsbmd.bmp > 256-Color
..\Imagens Originais\model\char\char01001l.nsbmd.bmp > 256-Color
..\Imagens Originais\model\char\char01001r.nsbmd.bmp > 256-Color
..\Imagens Originais\model\char\char01002c.nsbmd.bmp > 256-Color
..\Imagens Originais\model\char\char01002l.nsbmd.bmp > 256-Color
..\Imagens Originais\model\char\char01002r.nsbmd.bmp > 256-Color
..\Imagens Originais\model\char\char01003c.nsbmd.bmp > 256-Color
..\Imagens Originais\model\char\char01004c.nsbmd.bmp > 256-Color
..\Imagens Originais\model\char\char01005c.nsbmd.bmp > 256-Color
..\Imagens Originais\model\char\char01006c.nsbmd.bmp > 256-Color
..\Imagens Originais\model\char\char01006l.nsbmd.bmp > 256-Color
..\Imagens Originais\model\char\char01006r.nsbmd.bmp > 256-Color
..\Imagens Originais\model\char\char01100r.nsbmd.bmp > 256-Color
..\Imagens Originais\model\char\char02000c.nsbmd.bmp > 256-Color
..\Imagens Originais\model\char\char02000l.nsbmd.bmp > 256-Color
..\Imagens Originais\model\char\char02000r.nsbmd.bmp > 256-Color
..\Imagens Originais\model\char\char02001c.nsbmd.bmp > 256-Color
..\Imagens Originais\model\char\char02001l.nsbmd.bmp > 256-Color
..\Imagens Originais\model\char\char02001r.nsbmd.bmp > 256-Color
..\Imagens Originais\model\char\char02002c.nsbmd.bmp > 256-Color
..\Imagens Originais\model\char\char02002l.nsbmd.bmp > 256-Color
..\Imagens Originais\model\char\char02002r.nsbmd.bmp > 256-Color
..\Imagens Originais\model\char\char02003c.nsbmd.bmp > 256-Color
..\Imagens Originais\model\char\char02003l.nsbmd.bmp > 256-Color
..\Imagens Originais\model\char\char02003r.nsbmd.bmp > 256-Color
..\Imagens Originais\model\char\char02004c.nsbmd.bmp > 256-Color
..\Imagens Originais\model\char\char02004l.nsbmd.bmp > 256-Color
..\Imagens Originais\model\char\char02004r.nsbmd.bmp > 256-Color
..\Imagens Originais\model\char\char02005c.nsbmd.bmp > 256-Color
..\Imagens Originais\model\char\char02006c.nsbmd.bmp > 256-Color
..\Imagens Originais\model\char\char02006l.nsbmd.bmp > 256-Color
..\Imagens Originais\model\char\char02006r.nsbmd.bmp > 256-Color
..\Imagens Originais\model\char\char02100c.nsbmd.bmp > 256-Color
..\Imagens Originais\model\char\char02101c.nsbmd.bmp > 256-Color
..\Imagens Originais\model\char\char02102c.nsbmd.bmp > 256-Color
..\Imagens Originais\model\char\char02103c.nsbmd.bmp > 256-Color
..\Imagens Originais\model\char\char02104c.nsbmd.bmp > 256-Color
..\Imagens Originais\model\char\char03000c.nsbmd.bmp > 256-Color
..\Imagens Originais\model\char\char03000l.nsbmd.bmp > 256-Color
..\Imagens Originais\model\char\char03000r.nsbmd.bmp > 256-Color
..\Imagens Originais\model\char\char03001c.nsbmd.bmp > 256-Color
..\Imagens Originais\model\char\char03001l.nsbmd.bmp > 256-Color
..\Imagens Originais\model\char\char03001r.nsbmd.bmp > 256-Color
..\Imagens Originais\model\char\char03002c.nsbmd.bmp > 256-Color
..\Imagens Originais\model\char\char03002l.nsbmd.bmp > 256-Color
..\Imagens Originais\model\char\char03002r.nsbmd.bmp > 256-Color
..\Imagens Originais\model\char\char03003c.nsbmd.bmp > 256-Color
..\Imagens Originais\model\char\char03003l.nsbmd.bmp > 256-Color
..\Imagens Originais\model\char\char03003r.nsbmd.bmp > 256-Color
..\Imagens Originais\model\char\char03004c.nsbmd.bmp > 256-Color
..\Imagens Originais\model\char\char03004l.nsbmd.bmp > 256-Color
..\Imagens Originais\model\char\char03004r.nsbmd.bmp > 256-Color
..\Imagens Originais\model\char\char03005c.nsbmd.bmp > 256-Color
..\Imagens Originais\model\char\char03006c.nsbmd.bmp > 256-Color
..\Imagens Originais\model\char\char04000c.nsbmd.bmp > 256-Color
..\Imagens Originais\model\char\char04000l.nsbmd.bmp > 256-Color
..\Imagens Originais\model\char\char04000r.nsbmd.bmp > 256-Color
..\Imagens Originais\model\char\char04001c.nsbmd.bmp > 256-Color
..\Imagens Originais\model\char\char04001l.nsbmd.bmp > 256-Color
..\Imagens Originais\model\char\char04001r.nsbmd.bmp > 256-Color
..\Imagens Originais\model\char\char04002c.nsbmd.bmp > 256-Color
..\Imagens Originais\model\char\char04003c.nsbmd.bmp > 256-Color
..\Imagens Originais\model\char\char04004c.nsbmd.bmp > 256-Color
..\Imagens Originais\model\char\char04004l.nsbmd.bmp > 256-Color
..\Imagens Originais\model\char\char04004r.nsbmd.bmp > 256-Color
..\Imagens Originais\model\char\char04005c.nsbmd.bmp > 256-Color
..\Imagens Originais\model\char\char04006c.nsbmd.bmp > 256-Color
..\Imagens Originais\model\char\char04006l.nsbmd.bmp > 256-Color
..\Imagens Originais\model\char\char04006r.nsbmd.bmp > 256-Color
..\Imagens Originais\model\char\char05000c.nsbmd.bmp > 256-Color
..\Imagens Originais\model\char\char05000l.nsbmd.bmp > 256-Color
..\Imagens Originais\model\char\char05000r.nsbmd.bmp > 256-Color
..\Imagens Originais\model\char\char05001c.nsbmd.bmp > 256-Color
..\Imagens Originais\model\char\char05002c.nsbmd.bmp > 256-Color
..\Imagens Originais\model\char\char05002l.nsbmd.bmp > 256-Color
..\Imagens Originais\model\char\char05002r.nsbmd.bmp > 256-Color
..\Imagens Originais\model\char\char05003c.nsbmd.bmp > 256-Color
..\Imagens Originais\model\char\char05003l.nsbmd.bmp > 256-Color
..\Imagens Originais\model\char\char05003r.nsbmd.bmp > 256-Color
..\Imagens Originais\model\char\char05004c.nsbmd.bmp > 256-Color
..\Imagens Originais\model\char\char05005c.nsbmd.bmp > 256-Color
..\Imagens Originais\model\char\char05006c.nsbmd.bmp > 256-Color
..\Imagens Originais\model\char\char05100c.nsbmd.bmp > 256-Color
..\Imagens Originais\model\char\char06000c.nsbmd.bmp > 256-Color
..\Imagens Originais\model\char\char06000l.nsbmd.bmp > 256-Color
..\Imagens Originais\model\char\char06000r.nsbmd.bmp > 256-Color
..\Imagens Originais\model\char\char06001c.nsbmd.bmp > 256-Color
..\Imagens Originais\model\char\char06001l.nsbmd.bmp > 256-Color
..\Imagens Originais\model\char\char06001r.nsbmd.bmp > 256-Color
..\Imagens Originais\model\char\char06002c.nsbmd.bmp > 256-Color
..\Imagens Originais\model\char\char06003c.nsbmd.bmp > 256-Color
..\Imagens Originais\model\char\char06003l.nsbmd.bmp > 256-Color
..\Imagens Originais\model\char\char06003r.nsbmd.bmp > 256-Color
..\Imagens Originais\model\char\char06004c.nsbmd.bmp > 256-Color
..\Imagens Originais\model\char\char06004l.nsbmd.bmp > 256-Color
..\Imagens Originais\model\char\char06004r.nsbmd.bmp > 256-Color
..\Imagens Originais\model\char\char06005c.nsbmd.bmp > 256-Color
..\Imagens Originais\model\char\char06006c.nsbmd.bmp > 256-Color
..\Imagens Originais\model\char\char06006l.nsbmd.bmp > 256-Color
..\Imagens Originais\model\char\char06006r.nsbmd.bmp > 256-Color
..\Imagens Originais\model\char\char07000c.nsbmd.bmp > 256-Color
..\Imagens Originais\model\char\char07000l.nsbmd.bmp > 256-Color
..\Imagens Originais\model\char\char07000r.nsbmd.bmp > 256-Color
..\Imagens Originais\model\char\char07001c.nsbmd.bmp > 256-Color
..\Imagens Originais\model\char\char07001l.nsbmd.bmp > 256-Color
..\Imagens Originais\model\char\char07001r.nsbmd.bmp > 256-Color
..\Imagens Originais\model\char\char07002c.nsbmd.bmp > 256-Color
..\Imagens Originais\model\char\char07002l.nsbmd.bmp > 256-Color
..\Imagens Originais\model\char\char07002r.nsbmd.bmp > 256-Color
..\Imagens Originais\model\char\char07003c.nsbmd.bmp > 256-Color
..\Imagens Originais\model\char\char07003l.nsbmd.bmp > 256-Color
..\Imagens Originais\model\char\char07003r.nsbmd.bmp > 256-Color
..\Imagens Originais\model\char\char07004c.nsbmd.bmp > 256-Color
..\Imagens Originais\model\char\char07004l.nsbmd.bmp > 256-Color
..\Imagens Originais\model\char\char07004r.nsbmd.bmp > 256-Color
..\Imagens Originais\model\char\char07005c.nsbmd.bmp > 256-Color
..\Imagens Originais\model\char\char07006c.nsbmd.bmp > 256-Color
..\Imagens Originais\model\char\char07006l.nsbmd.bmp > 256-Color
..\Imagens Originais\model\char\char07006r.nsbmd.bmp > 256-Color
..\Imagens Originais\model\char\char08000c.nsbmd.bmp > 256-Color
..\Imagens Originais\model\char\char08000l.nsbmd.bmp > 256-Color
..\Imagens Originais\model\char\char08000r.nsbmd.bmp > 256-Color
..\Imagens Originais\model\char\char08001c.nsbmd.bmp > 256-Color
..\Imagens Originais\model\char\char08002c.nsbmd.bmp > 256-Color
..\Imagens Originais\model\char\char08002l.nsbmd.bmp > 256-Color
..\Imagens Originais\model\char\char08002r.nsbmd.bmp > 256-Color
..\Imagens Originais\model\char\char08003c.nsbmd.bmp > 256-Color
..\Imagens Originais\model\char\char08004c.nsbmd.bmp > 256-Color
..\Imagens Originais\model\char\char08004l.nsbmd.bmp > 256-Color
..\Imagens Originais\model\char\char08004r.nsbmd.bmp > 256-Color
..\Imagens Originais\model\char\char08005c.nsbmd.bmp > 256-Color
..\Imagens Originais\model\char\char08006c.nsbmd.bmp > 256-Color
..\Imagens Originais\model\char\char08006l.nsbmd.bmp > 256-Color
..\Imagens Originais\model\char\char08006r.nsbmd.bmp > 256-Color
..\Imagens Originais\model\char\char09000c.nsbmd.bmp > 256-Color
..\Imagens Originais\model\char\char09000l.nsbmd.bmp > 256-Color
..\Imagens Originais\model\char\char09000r.nsbmd.bmp > 256-Color
..\Imagens Originais\model\char\char09001c.nsbmd.bmp > 256-Color
..\Imagens Originais\model\char\char09001l.nsbmd.bmp > 256-Color
..\Imagens Originais\model\char\char09001r.nsbmd.bmp > 256-Color
..\Imagens Originais\model\char\char09002c.nsbmd.bmp > 256-Color
..\Imagens Originais\model\char\char09002l.nsbmd.bmp > 256-Color
..\Imagens Originais\model\char\char09002r.nsbmd.bmp > 256-Color
..\Imagens Originais\model\char\char09003c.nsbmd.bmp > 256-Color
..\Imagens Originais\model\char\char09003l.nsbmd.bmp > 256-Color
..\Imagens Originais\model\char\char09003r.nsbmd.bmp > 256-Color
..\Imagens Originais\model\char\char09004c.nsbmd.bmp > 256-Color
..\Imagens Originais\model\char\char09004l.nsbmd.bmp > 256-Color
..\Imagens Originais\model\char\char09004r.nsbmd.bmp > 256-Color
..\Imagens Originais\model\char\char09005c.nsbmd.bmp > 256-Color
..\Imagens Originais\model\char\char09006c.nsbmd.bmp > 256-Color
..\Imagens Originais\model\char\char09006l.nsbmd.bmp > 256-Color
..\Imagens Originais\model\char\char09006r.nsbmd.bmp > 256-Color
..\Imagens Originais\model\char\char10000c.nsbmd.bmp > 256-Color
..\Imagens Originais\model\char\char10000l.nsbmd.bmp > 256-Color
..\Imagens Originais\model\char\char10000r.nsbmd.bmp > 256-Color
..\Imagens Originais\model\char\char10003c.nsbmd.bmp > 256-Color
..\Imagens Originais\model\char\char10003l.nsbmd.bmp > 256-Color
..\Imagens Originais\model\char\char10003r.nsbmd.bmp > 256-Color
..\Imagens Originais\model\char\char10004c.nsbmd.bmp > 256-Color
..\Imagens Originais\model\char\char10004l.nsbmd.bmp > 256-Color
..\Imagens Originais\model\char\char10004r.nsbmd.bmp > 256-Color
..\Imagens Originais\model\char\char11000c.nsbmd.bmp > 256-Color
..\Imagens Originais\model\char\char11000l.nsbmd.bmp > 256-Color
..\Imagens Originais\model\char\char11000r.nsbmd.bmp > 256-Color
..\Imagens Originais\model\char\char11001c.nsbmd.bmp > 256-Color
..\Imagens Originais\model\char\char11002c.nsbmd.bmp > 256-Color
..\Imagens Originais\model\char\char11002l.nsbmd.bmp > 256-Color
..\Imagens Originais\model\char\char11002r.nsbmd.bmp > 256-Color
..\Imagens Originais\model\char\char11003c.nsbmd.bmp > 256-Color
..\Imagens Originais\model\char\char11003l.nsbmd.bmp > 256-Color
..\Imagens Originais\model\char\char11003r.nsbmd.bmp > 256-Color
..\Imagens Originais\model\char\char11004c.nsbmd.bmp > 256-Color
..\Imagens Originais\model\char\char11004l.nsbmd.bmp > 256-Color
..\Imagens Originais\model\char\char11004r.nsbmd.bmp > 256-Color
..\Imagens Originais\model\char\char11005c.nsbmd.bmp > 256-Color
..\Imagens Originais\model\char\char11005l.nsbmd.bmp > 256-Color
..\Imagens Originais\model\char\char11005r.nsbmd.bmp > 256-Color
..\Imagens Originais\model\char\char11006c.nsbmd.bmp > 256-Color
..\Imagens Originais\model\char\char11006l.nsbmd.bmp > 256-Color
..\Imagens Originais\model\char\char11006r.nsbmd.bmp > 256-Color
..\Imagens Originais\model\char\char11100l.nsbmd.bmp > 256-Color
..\Imagens Originais\model\char\char12000c.nsbmd.bmp > 256-Color
..\Imagens Originais\model\char\char12000l.nsbmd.bmp > 256-Color
..\Imagens Originais\model\char\char12000r.nsbmd.bmp > 256-Color
..\Imagens Originais\model\char\char12001c.nsbmd.bmp > 256-Color
..\Imagens Originais\model\char\char12001l.nsbmd.bmp > 256-Color
..\Imagens Originais\model\char\char12001r.nsbmd.bmp > 256-Color
..\Imagens Originais\model\char\char12002c.nsbmd.bmp > 256-Color
..\Imagens Originais\model\char\char12003c.nsbmd.bmp > 256-Color
..\Imagens Originais\model\char\char12004c.nsbmd.bmp > 256-Color
..\Imagens Originais\model\char\char12004l.nsbmd.bmp > 256-Color
..\Imagens Originais\model\char\char12004r.nsbmd.bmp > 256-Color
..\Imagens Originais\model\char\char12005c.nsbmd.bmp > 256-Color
..\Imagens Originais\model\char\char12006c.nsbmd.bmp > 256-Color
..\Imagens Originais\model\char\char13000c.nsbmd.bmp > 256-Color
..\Imagens Originais\model\char\char13000l.nsbmd.bmp > 256-Color
..\Imagens Originais\model\char\char13000r.nsbmd.bmp > 256-Color
..\Imagens Originais\model\char\char13001c.nsbmd.bmp > 256-Color
..\Imagens Originais\model\char\char13002c.nsbmd.bmp > 256-Color
..\Imagens Originais\model\char\char13003c.nsbmd.bmp > 256-Color
..\Imagens Originais\model\char\char13003l.nsbmd.bmp > 256-Color
..\Imagens Originais\model\char\char13003r.nsbmd.bmp > 256-Color
..\Imagens Originais\model\char\char13004c.nsbmd.bmp > 256-Color
..\Imagens Originais\model\char\char13005c.nsbmd.bmp > 256-Color
..\Imagens Originais\model\char\char13005l.nsbmd.bmp > 256-Color
..\Imagens Originais\model\char\char13005r.nsbmd.bmp > 256-Color
..\Imagens Originais\model\char\char13006c.nsbmd.bmp > 256-Color
..\Imagens Originais\model\char\char14000c.nsbmd.bmp > 256-Color
..\Imagens Originais\model\char\char14000l.nsbmd.bmp > 256-Color
..\Imagens Originais\model\char\char14000r.nsbmd.bmp > 256-Color
..\Imagens Originais\model\char\char14001c.nsbmd.bmp > 256-Color
..\Imagens Originais\model\char\char14001l.nsbmd.bmp > 256-Color
..\Imagens Originais\model\char\char14001r.nsbmd.bmp > 256-Color
..\Imagens Originais\model\char\char14002c.nsbmd.bmp > 256-Color
..\Imagens Originais\model\char\char14002l.nsbmd.bmp > 256-Color
..\Imagens Originais\model\char\char14002r.nsbmd.bmp > 256-Color
..\Imagens Originais\model\char\char14003c.nsbmd.bmp > 256-Color
..\Imagens Originais\model\char\char14003l.nsbmd.bmp > 256-Color
..\Imagens Originais\model\char\char14003r.nsbmd.bmp > 256-Color
..\Imagens Originais\model\char\char14004c.nsbmd.bmp > 256-Color
..\Imagens Originais\model\char\char14004l.nsbmd.bmp > 256-Color
..\Imagens Originais\model\char\char14004r.nsbmd.bmp > 256-Color
..\Imagens Originais\model\char\char14005c.nsbmd.bmp > 256-Color
..\Imagens Originais\model\char\char14005l.nsbmd.bmp > 256-Color
..\Imagens Originais\model\char\char14005r.nsbmd.bmp > 256-Color
..\Imagens Originais\model\char\char14006c.nsbmd.bmp > 256-Color
..\Imagens Originais\model\char\char14006l.nsbmd.bmp > 256-Color
..\Imagens Originais\model\char\char14006r.nsbmd.bmp > 256-Color
..\Imagens Originais\model\char\char15000c.nsbmd.bmp > 256-Color
..\Imagens Originais\model\char\char15000l.nsbmd.bmp > 256-Color
..\Imagens Originais\model\char\char15000r.nsbmd.bmp > 256-Color
..\Imagens Originais\model\char\char15001c.nsbmd.bmp > 256-Color
..\Imagens Originais\model\char\char15002c.nsbmd.bmp > 256-Color
..\Imagens Originais\model\char\char15002l.nsbmd.bmp > 256-Color
..\Imagens Originais\model\char\char15002r.nsbmd.bmp > 256-Color
..\Imagens Originais\model\char\char15003c.nsbmd.bmp > 256-Color
..\Imagens Originais\model\char\char15004c.nsbmd.bmp > 256-Color
..\Imagens Originais\model\char\char15004l.nsbmd.bmp > 256-Color
..\Imagens Originais\model\char\char15004r.nsbmd.bmp > 256-Color
..\Imagens Originais\model\char\char15005c.nsbmd.bmp > 256-Color
..\Imagens Originais\model\char\char15005l.nsbmd.bmp > 256-Color
..\Imagens Originais\model\char\char15005r.nsbmd.bmp > 256-Color
..\Imagens Originais\model\char\char15006c.nsbmd.bmp > 256-Color
..\Imagens Originais\model\char\char16000c.nsbmd.bmp > 256-Color
..\Imagens Originais\model\char\char16000l.nsbmd.bmp > 256-Color
..\Imagens Originais\model\char\char16000r.nsbmd.bmp > 256-Color
..\Imagens Originais\model\char\char16001c.nsbmd.bmp > 256-Color
..\Imagens Originais\model\char\char16002c.nsbmd.bmp > 256-Color
..\Imagens Originais\model\char\char16002l.nsbmd.bmp > 256-Color
..\Imagens Originais\model\char\char16002r.nsbmd.bmp > 256-Color
..\Imagens Originais\model\char\char16003c.nsbmd.bmp > 256-Color
..\Imagens Originais\model\char\char16004c.nsbmd.bmp > 256-Color
..\Imagens Originais\model\char\char16004l.nsbmd.bmp > 256-Color
..\Imagens Originais\model\char\char16004r.nsbmd.bmp > 256-Color
..\Imagens Originais\model\char\char16005c.nsbmd.bmp > 256-Color
..\Imagens Originais\model\char\char16005l.nsbmd.bmp > 256-Color
..\Imagens Originais\model\char\char16005r.nsbmd.bmp > 256-Color
..\Imagens Originais\model\char\char16006c.nsbmd.bmp > 256-Color
..\Imagens Originais\model\char\char16006l.nsbmd.bmp > 256-Color
..\Imagens Originais\model\char\char16006r.nsbmd.bmp > 256-Color
..\Imagens Originais\model\char\char17000c.nsbmd.bmp > 256-Color
..\Imagens Originais\model\char\char17000l.nsbmd.bmp > 256-Color
..\Imagens Originais\model\char\char17000r.nsbmd.bmp > 256-Color
..\Imagens Originais\model\char\char17001c.nsbmd.bmp > 256-Color
..\Imagens Originais\model\char\char17002c.nsbmd.bmp > 256-Color
..\Imagens Originais\model\char\char17003c.nsbmd.bmp > 256-Color
..\Imagens Originais\model\char\char17004c.nsbmd.bmp > 256-Color
..\Imagens Originais\model\char\char17004l.nsbmd.bmp > 256-Color
..\Imagens Originais\model\char\char17004r.nsbmd.bmp > 256-Color
..\Imagens Originais\model\char\char17005c.nsbmd.bmp > 256-Color
..\Imagens Originais\model\char\char17006c.nsbmd.bmp > 256-Color
..\Imagens Originais\model\char\char18000c.nsbmd.bmp > 256-Color
..\Imagens Originais\model\char\char18000l.nsbmd.bmp > 256-Color
..\Imagens Originais\model\char\char18000r.nsbmd.bmp > 256-Color
..\Imagens Originais\model\char\char18001c.nsbmd.bmp > 256-Color
..\Imagens Originais\model\char\char18001l.nsbmd.bmp > 256-Color
..\Imagens Originais\model\char\char18001r.nsbmd.bmp > 256-Color
..\Imagens Originais\model\char\char18002c.nsbmd.bmp > 256-Color
..\Imagens Originais\model\char\char18002l.nsbmd.bmp > 256-Color
..\Imagens Originais\model\char\char18002r.nsbmd.bmp > 256-Color
..\Imagens Originais\model\char\char18003c.nsbmd.bmp > 256-Color
..\Imagens Originais\model\char\char18004c.nsbmd.bmp > 256-Color
..\Imagens Originais\model\char\char18004l.nsbmd.bmp > 256-Color
..\Imagens Originais\model\char\char18004r.nsbmd.bmp > 256-Color
..\Imagens Originais\model\char\char18005c.nsbmd.bmp > 256-Color
..\Imagens Originais\model\char\char18006c.nsbmd.bmp > 256-Color
..\Imagens Originais\model\char\char18006l.nsbmd.bmp > 256-Color
..\Imagens Originais\model\char\char18006r.nsbmd.bmp > 256-Color
..\Imagens Originais\model\char\char19000c.nsbmd.bmp > 256-Color
..\Imagens Originais\model\char\char19000l.nsbmd.bmp > 256-Color
..\Imagens Originais\model\char\char19000r.nsbmd.bmp > 256-Color
..\Imagens Originais\model\char\char19003c.nsbmd.bmp > 256-Color
..\Imagens Originais\model\char\char20000c.nsbmd.bmp > 256-Color
..\Imagens Originais\model\char\char20003c.nsbmd.bmp > 256-Color
..\Imagens Originais\model\char\char20100c.nsbmd.bmp > 256-Color
..\Imagens Originais\model\char\char20101c.nsbmd.bmp > 256-Color
..\Imagens Originais\model\coma\coma00000a.nsbmd.bmp > 16-Color
..\Imagens Originais\model\coma\coma00001a.nsbmd.bmp > 16-Color
..\Imagens Originais\model\coma\coma00002a.nsbmd.bmp > 16-Color
..\Imagens Originais\model\coma\coma00003a.nsbmd.bmp > 16-Color
..\Imagens Originais\model\coma\coma00004a.nsbmd.bmp > 16-Color
..\Imagens Originais\model\coma\coma00005a.nsbmd.bmp > 16-Color
..\Imagens Originais\model\coma\coma00006a.nsbmd.bmp > 16-Color
..\Imagens Originais\model\coma\coma01000a.nsbmd.bmp > 16-Color
..\Imagens Originais\model\coma\coma01001a.nsbmd.bmp > 16-Color
..\Imagens Originais\model\coma\coma01002a.nsbmd.bmp > 16-Color
..\Imagens Originais\model\coma\coma01003a.nsbmd.bmp > 16-Color
..\Imagens Originais\model\coma\coma01004a.nsbmd.bmp > 16-Color
..\Imagens Originais\model\coma\coma01005a.nsbmd.bmp > 16-Color
..\Imagens Originais\model\coma\coma01006a.nsbmd.bmp > 16-Color
..\Imagens Originais\model\coma\coma02000a.nsbmd.bmp > 16-Color
..\Imagens Originais\model\coma\coma02001a.nsbmd.bmp > 16-Color
..\Imagens Originais\model\coma\coma02002a.nsbmd.bmp > 16-Color
..\Imagens Originais\model\coma\coma02003a.nsbmd.bmp > 16-Color
..\Imagens Originais\model\coma\coma02004a.nsbmd.bmp > 16-Color
..\Imagens Originais\model\coma\coma02005a.nsbmd.bmp > 16-Color
..\Imagens Originais\model\coma\coma02006a.nsbmd.bmp > 16-Color
..\Imagens Originais\model\coma\coma03000a.nsbmd.bmp > 16-Color
..\Imagens Originais\model\coma\coma03001a.nsbmd.bmp > 16-Color
..\Imagens Originais\model\coma\coma03002a.nsbmd.bmp > 16-Color
..\Imagens Originais\model\coma\coma03003a.nsbmd.bmp > 16-Color
..\Imagens Originais\model\coma\coma03004a.nsbmd.bmp > 16-Color
..\Imagens Originais\model\coma\coma03005a.nsbmd.bmp > 16-Color
..\Imagens Originais\model\coma\coma03006a.nsbmd.bmp > 16-Color
..\Imagens Originais\model\coma\coma04000a.nsbmd.bmp > 16-Color
..\Imagens Originais\model\coma\coma04001a.nsbmd.bmp > 16-Color
..\Imagens Originais\model\coma\coma04002a.nsbmd.bmp > 16-Color
..\Imagens Originais\model\coma\coma04003a.nsbmd.bmp > 16-Color
..\Imagens Originais\model\coma\coma04004a.nsbmd.bmp > 16-Color
..\Imagens Originais\model\coma\coma04005a.nsbmd.bmp > 16-Color
..\Imagens Originais\model\coma\coma04006a.nsbmd.bmp > 16-Color
..\Imagens Originais\model\coma\coma05000a.nsbmd.bmp > 16-Color
..\Imagens Originais\model\coma\coma05001a.nsbmd.bmp > 16-Color
..\Imagens Originais\model\coma\coma05002a.nsbmd.bmp > 16-Color
..\Imagens Originais\model\coma\coma05003a.nsbmd.bmp > 16-Color
..\Imagens Originais\model\coma\coma05004a.nsbmd.bmp > 16-Color
..\Imagens Originais\model\coma\coma05005a.nsbmd.bmp > 16-Color
..\Imagens Originais\model\coma\coma05006a.nsbmd.bmp > 16-Color
..\Imagens Originais\model\coma\coma06000a.nsbmd.bmp > 16-Color
..\Imagens Originais\model\coma\coma06001a.nsbmd.bmp > 16-Color
..\Imagens Originais\model\coma\coma06002a.nsbmd.bmp > 16-Color
..\Imagens Originais\model\coma\coma06003a.nsbmd.bmp > 16-Color
..\Imagens Originais\model\coma\coma06004a.nsbmd.bmp > 16-Color
..\Imagens Originais\model\coma\coma06005a.nsbmd.bmp > 16-Color
..\Imagens Originais\model\coma\coma06006a.nsbmd.bmp > 16-Color
..\Imagens Originais\model\coma\coma07000a.nsbmd.bmp > 16-Color
..\Imagens Originais\model\coma\coma07001a.nsbmd.bmp > 16-Color
..\Imagens Originais\model\coma\coma07002a.nsbmd.bmp > 16-Color
..\Imagens Originais\model\coma\coma07003a.nsbmd.bmp > 16-Color
..\Imagens Originais\model\coma\coma07004a.nsbmd.bmp > 16-Color
..\Imagens Originais\model\coma\coma07005a.nsbmd.bmp > 16-Color
..\Imagens Originais\model\coma\coma07006a.nsbmd.bmp > 16-Color
..\Imagens Originais\model\coma\coma08000a.nsbmd.bmp > 16-Color
..\Imagens Originais\model\coma\coma08001a.nsbmd.bmp > 16-Color
..\Imagens Originais\model\coma\coma08002a.nsbmd.bmp > 16-Color
..\Imagens Originais\model\coma\coma08003a.nsbmd.bmp > 16-Color
..\Imagens Originais\model\coma\coma08004a.nsbmd.bmp > 16-Color
..\Imagens Originais\model\coma\coma08005a.nsbmd.bmp > 16-Color
..\Imagens Originais\model\coma\coma08006a.nsbmd.bmp > 16-Color
..\Imagens Originais\model\coma\coma09000a.nsbmd.bmp > 16-Color
..\Imagens Originais\model\coma\coma09001a.nsbmd.bmp > 16-Color
..\Imagens Originais\model\coma\coma09002a.nsbmd.bmp > 16-Color
..\Imagens Originais\model\coma\coma09003a.nsbmd.bmp > 16-Color
..\Imagens Originais\model\coma\coma09004a.nsbmd.bmp > 16-Color
..\Imagens Originais\model\coma\coma09005a.nsbmd.bmp > 16-Color
..\Imagens Originais\model\coma\coma09006a.nsbmd.bmp > 16-Color
..\Imagens Originais\model\coma\coma10000a.nsbmd.bmp > 16-Color
..\Imagens Originais\model\coma\coma10003a.nsbmd.bmp > 16-Color
..\Imagens Originais\model\coma\coma10004a.nsbmd.bmp > 16-Color
..\Imagens Originais\model\coma\coma11000a.nsbmd.bmp > 16-Color
..\Imagens Originais\model\coma\coma11001a.nsbmd.bmp > 16-Color
..\Imagens Originais\model\coma\coma11002a.nsbmd.bmp > 16-Color
..\Imagens Originais\model\coma\coma11003a.nsbmd.bmp > 16-Color
..\Imagens Originais\model\coma\coma11004a.nsbmd.bmp > 16-Color
..\Imagens Originais\model\coma\coma11005a.nsbmd.bmp > 16-Color
..\Imagens Originais\model\coma\coma11006a.nsbmd.bmp > 16-Color
..\Imagens Originais\model\coma\coma12000a.nsbmd.bmp > 16-Color
..\Imagens Originais\model\coma\coma12001a.nsbmd.bmp > 16-Color
..\Imagens Originais\model\coma\coma12002a.nsbmd.bmp > 16-Color
..\Imagens Originais\model\coma\coma12003a.nsbmd.bmp > 16-Color
..\Imagens Originais\model\coma\coma12004a.nsbmd.bmp > 16-Color
..\Imagens Originais\model\coma\coma12005a.nsbmd.bmp > 16-Color
..\Imagens Originais\model\coma\coma12006a.nsbmd.bmp > 16-Color
..\Imagens Originais\model\coma\coma13000a.nsbmd.bmp > 16-Color
..\Imagens Originais\model\coma\coma13001a.nsbmd.bmp > 16-Color
..\Imagens Originais\model\coma\coma13002a.nsbmd.bmp > 16-Color
..\Imagens Originais\model\coma\coma13003a.nsbmd.bmp > 16-Color
..\Imagens Originais\model\coma\coma13004a.nsbmd.bmp > 16-Color
..\Imagens Originais\model\coma\coma13005a.nsbmd.bmp > 16-Color
..\Imagens Originais\model\coma\coma13006a.nsbmd.bmp > 16-Color
..\Imagens Originais\model\coma\coma14000a.nsbmd.bmp > 16-Color
..\Imagens Originais\model\coma\coma14001a.nsbmd.bmp > 16-Color
..\Imagens Originais\model\coma\coma14002a.nsbmd.bmp > 16-Color
..\Imagens Originais\model\coma\coma14003a.nsbmd.bmp > 16-Color
..\Imagens Originais\model\coma\coma14004a.nsbmd.bmp > 16-Color
..\Imagens Originais\model\coma\coma14005a.nsbmd.bmp > 16-Color
..\Imagens Originais\model\coma\coma14006a.nsbmd.bmp > 16-Color
..\Imagens Originais\model\coma\coma15000a.nsbmd.bmp > 16-Color
..\Imagens Originais\model\coma\coma15001a.nsbmd.bmp > 16-Color
..\Imagens Originais\model\coma\coma15002a.nsbmd.bmp > 16-Color
..\Imagens Originais\model\coma\coma15003a.nsbmd.bmp > 16-Color
..\Imagens Originais\model\coma\coma15004a.nsbmd.bmp > 16-Color
..\Imagens Originais\model\coma\coma15005a.nsbmd.bmp > 16-Color
..\Imagens Originais\model\coma\coma15006a.nsbmd.bmp > 16-Color
..\Imagens Originais\model\coma\coma16000a.nsbmd.bmp > 16-Color
..\Imagens Originais\model\coma\coma16001a.nsbmd.bmp > 16-Color
..\Imagens Originais\model\coma\coma16002a.nsbmd.bmp > 16-Color
..\Imagens Originais\model\coma\coma16003a.nsbmd.bmp > 16-Color
..\Imagens Originais\model\coma\coma16004a.nsbmd.bmp > 16-Color
..\Imagens Originais\model\coma\coma16005a.nsbmd.bmp > 16-Color
..\Imagens Originais\model\coma\coma16006a.nsbmd.bmp > 16-Color
..\Imagens Originais\model\coma\coma17000a.nsbmd.bmp > 16-Color
..\Imagens Originais\model\coma\coma17001a.nsbmd.bmp > 16-Color
..\Imagens Originais\model\coma\coma17002a.nsbmd.bmp > 16-Color
..\Imagens Originais\model\coma\coma17003a.nsbmd.bmp > 16-Color
..\Imagens Originais\model\coma\coma17004a.nsbmd.bmp > 16-Color
..\Imagens Originais\model\coma\coma17005a.nsbmd.bmp > 16-Color
..\Imagens Originais\model\coma\coma17006a.nsbmd.bmp > 16-Color
..\Imagens Originais\model\coma\coma18000a.nsbmd.bmp > 16-Color
..\Imagens Originais\model\coma\coma18001a.nsbmd.bmp > 16-Color
..\Imagens Originais\model\coma\coma18002a.nsbmd.bmp > 16-Color
..\Imagens Originais\model\coma\coma18003a.nsbmd.bmp > 16-Color
..\Imagens Originais\model\coma\coma18004a.nsbmd.bmp > 16-Color
..\Imagens Originais\model\coma\coma18005a.nsbmd.bmp > 16-Color
..\Imagens Originais\model\coma\coma18006a.nsbmd.bmp > 16-Color
..\Imagens Originais\model\face\face00a.nsbmd.bmp > 256-Color
..\Imagens Originais\model\face\face01a.nsbmd.bmp > 256-Color
..\Imagens Originais\model\face\face02a.nsbmd.bmp > 256-Color
..\Imagens Originais\model\face\face03a.nsbmd.bmp > 256-Color
..\Imagens Originais\model\face\face04a.nsbmd.bmp > 256-Color
..\Imagens Originais\model\face\face05a.nsbmd.bmp > 256-Color
..\Imagens Originais\model\face\face06a.nsbmd.bmp > 256-Color
..\Imagens Originais\model\face\face07a.nsbmd.bmp > 256-Color
..\Imagens Originais\model\face\face08a.nsbmd.bmp > 256-Color
..\Imagens Originais\model\face\face09a.nsbmd.bmp > 256-Color
..\Imagens Originais\model\face\face10a.nsbmd.bmp > 256-Color
..\Imagens Originais\model\face\face11a.nsbmd.bmp > 256-Color
..\Imagens Originais\model\face\face12a.nsbmd.bmp > 256-Color
..\Imagens Originais\model\face\face13a.nsbmd.bmp > 256-Color
..\Imagens Originais\model\face\face14a.nsbmd.bmp > 256-Color
..\Imagens Originais\model\face\face15a.nsbmd.bmp > 256-Color
..\Imagens Originais\model\face\face16a.nsbmd.bmp > 256-Color
..\Imagens Originais\model\face\face17a.nsbmd.bmp > 256-Color
..\Imagens Originais\model\face\face18a.nsbmd.bmp > 256-Color
..\Imagens Originais\model\face\faceall.nsbmd.bmp > 256-Color
..\Imagens Originais\model\face\facearrow.nsbmd.bmp > 16-Color
..\Imagens Originais\model\menu\csele00a.nsbmd.bmp > 256-Color
..\Imagens Originais\model\menu\csele01a.nsbmd.bmp > 256-Color
..\Imagens Originais\model\menu\csele02a.nsbmd.bmp > 256-Color
..\Imagens Originais\model\menu\csele03a.nsbmd.bmp > 256-Color
..\Imagens Originais\model\menu\csele04a.nsbmd.bmp > 256-Color
..\Imagens Originais\model\menu\csele05a.nsbmd.bmp > 256-Color
..\Imagens Originais\model\menu\csele06a.nsbmd.bmp > 256-Color
..\Imagens Originais\model\menu\csele07a.nsbmd.bmp > 256-Color
..\Imagens Originais\model\menu\csele08a.nsbmd.bmp > 256-Color
..\Imagens Originais\model\menu\csele09a.nsbmd.bmp > 256-Color
..\Imagens Originais\model\menu\csele10a.nsbmd.bmp > 256-Color
..\Imagens Originais\model\menu\csele11a.nsbmd.bmp > 256-Color
..\Imagens Originais\model\menu\csele12a.nsbmd.bmp > 256-Color
..\Imagens Originais\model\menu\csele13a.nsbmd.bmp > 256-Color
..\Imagens Originais\model\menu\csele14a.nsbmd.bmp > 256-Color
..\Imagens Originais\model\menu\csele15a.nsbmd.bmp > 256-Color
..\Imagens Originais\model\menu\csele16a.nsbmd.bmp > 256-Color
..\Imagens Originais\model\menu\csele17a.nsbmd.bmp > 256-Color
..\Imagens Originais\model\menu\csele18a.nsbmd.bmp > 256-Color
..\Imagens Originais\model\menu\exp_extra.nsbmd.bmp > 256-Color
..\Imagens Originais\model\menu\exp_guide.nsbmd.bmp > 256-Color
..\Imagens Originais\model\menu\exp_mselect.nsbmd.bmp > 256-Color
..\Imagens Originais\model\menu\exp_option.nsbmd.bmp > 256-Color
..\Imagens Originais\model\menu\exp_playmemo.nsbmd.bmp > 256-Color
..\Imagens Originais\model\menu\exp_single.nsbmd.bmp > 256-Color
..\Imagens Originais\model\menu\exp_story.nsbmd.bmp > 256-Color
..\Imagens Originais\model\menu\exp_vs.nsbmd.bmp > 256-Color
..\Imagens Originais\model\menu\kira.nsbmd.bmp > 16-Color
..\Imagens Originais\model\menu\l.nsbmd.bmp > 16-Color
..\Imagens Originais\model\menu\moya.nsbmd.bmp > A5I3
..\Imagens Originais\model\menu\titlenote0a.nsbmd.bmp > 256-Color
..\Imagens Originais\model\menu\titlenote1a.nsbmd.bmp > 256-Color
..\Imagens Originais\model\menu\titlenote1b.nsbmd.bmp > 256-Color
..\Imagens Originais\model\menu\titlenote1c.nsbmd.bmp > 256-Color
..\Imagens Originais\model\menu\titlenote1d.nsbmd.bmp > 256-Color
..\Imagens Originais\model\menu\titlenote1e.nsbmd.bmp > 256-Color
..\Imagens Originais\model\menu\titletouch.nsbmd.bmp > 16-Color
..\Imagens Originais\model\name\name000a.nsbmd.bmp > 4-Color
..\Imagens Originais\model\name\name001a.nsbmd.bmp > 4-Color
..\Imagens Originais\model\name\name002a.nsbmd.bmp > 4-Color
..\Imagens Originais\model\name\name003a.nsbmd.bmp > 4-Color
..\Imagens Originais\model\name\name004a.nsbmd.bmp > 4-Color
..\Imagens Originais\model\name\name005a.nsbmd.bmp > 4-Color
..\Imagens Originais\model\name\name006a.nsbmd.bmp > 4-Color
..\Imagens Originais\model\name\name007a.nsbmd.bmp > 4-Color
..\Imagens Originais\model\name\name008a.nsbmd.bmp > 4-Color
..\Imagens Originais\model\name\name009a.nsbmd.bmp > 4-Color
..\Imagens Originais\model\name\name00b.nsbmd.bmp > 4-Color
..\Imagens Originais\model\name\name010a.nsbmd.bmp > 4-Color
..\Imagens Originais\model\name\name011a.nsbmd.bmp > 4-Color
..\Imagens Originais\model\name\name012a.nsbmd.bmp > 4-Color
..\Imagens Originais\model\name\name013a.nsbmd.bmp > 4-Color
..\Imagens Originais\model\name\name014a.nsbmd.bmp > 4-Color
..\Imagens Originais\model\name\name015a.nsbmd.bmp > 4-Color
..\Imagens Originais\model\name\name016a.nsbmd.bmp > 4-Color
..\Imagens Originais\model\name\name017a.nsbmd.bmp > 4-Color
..\Imagens Originais\model\name\name018a.nsbmd.bmp > 4-Color
..\Imagens Originais\model\name\name03b.nsbmd.bmp > 4-Color
..\Imagens Originais\model\name\name04b.nsbmd.bmp > 4-Color
..\Imagens Originais\model\name\name05b.nsbmd.bmp > 4-Color
..\Imagens Originais\model\name\name06b.nsbmd.bmp > 4-Color
..\Imagens Originais\model\name\name10b.nsbmd.bmp > 4-Color
..\Imagens Originais\model\opening\op000u.nsbmd.bmp > 256-Color
..\Imagens Originais\model\opening\op001u.nsbmd.bmp > A5I3
..\Imagens Originais\model\opening\op002u.nsbmd.bmp > A5I3
..\Imagens Originais\model\opening\op003u.nsbmd.bmp > A5I3
..\Imagens Originais\model\opening\op004u.nsbmd.bmp > 256-Color
..\Imagens Originais\model\opening\op010u.nsbmd.bmp > 256-Color
..\Imagens Originais\model\opening\op011u.nsbmd.bmp > 256-Color
..\Imagens Originais\model\opening\op012u.nsbmd.bmp > 256-Color
..\Imagens Originais\model\opening\op013u.nsbmd.bmp > 256-Color
..\Imagens Originais\model\opening\op014u.nsbmd.bmp > 256-Color
..\Imagens Originais\model\opening\op020u.nsbmd.bmp > 256-Color
..\Imagens Originais\model\opening\op021u.nsbmd.bmp > 256-Color
..\Imagens Originais\model\opening\op030u.nsbmd.bmp > 256-Color
..\Imagens Originais\model\opening\op032u.nsbmd.bmp > 256-Color
..\Imagens Originais\model\opening\op040u.nsbmd.bmp > 256-Color
..\Imagens Originais\model\opening\op050u.nsbmd.bmp > 256-Color
..\Imagens Originais\model\opening\op051u.nsbmd.bmp > 256-Color
..\Imagens Originais\model\opening\op052u.nsbmd.bmp > 256-Color
..\Imagens Originais\model\opening\op053u.nsbmd.bmp > 256-Color
..\Imagens Originais\model\opening\op060u.nsbmd.bmp > 256-Color
..\Imagens Originais\model\opening\op070u.nsbmd.bmp > 256-Color
..\Imagens Originais\model\opening\optitle0a.nsbmd.bmp > 256-Color
..\Imagens Originais\model\opening\optitle1a.nsbmd.bmp > 256-Color
..\Imagens Originais\model\opening\optitle2a.nsbmd.bmp > 256-Color
..\Imagens Originais\model\opening\optitle3a.nsbmd.bmp > 256-Color
..\Imagens Originais\model\opening\optitle4a.nsbmd.bmp > 256-Color
..\Imagens Originais\model\opening\red.nsbmd.bmp > 16-Color
..\Imagens Originais\model\staffroll\staff00a.nsbmd.bmp > 256-Color
..\Imagens Originais\model\staffroll\staff01a.nsbmd.bmp > 256-Color
..\Imagens Originais\model\staffroll\staff02a.nsbmd.bmp > 256-Color
..\Imagens Originais\model\staffroll\staff03a.nsbmd.bmp > 256-Color
..\Imagens Originais\model\staffroll\staff04a.nsbmd.bmp > 256-Color
..\Imagens Originais\model\staffroll\staff05a.nsbmd.bmp > 256-Color
..\Imagens Originais\model\staffroll\staff06a.nsbmd.bmp > 256-Color
..\Imagens Originais\model\staffroll\staff07a.nsbmd.bmp > 256-Color
..\Imagens Originais\model\staffroll\staff08a.nsbmd.bmp > 256-Color
..\Imagens Originais\model\staffroll\staff09a.nsbmd.bmp > 256-Color
..\Imagens Originais\model\staffroll\staff10a.nsbmd.bmp > 256-Color
..\Imagens Originais\model\staffroll\staff11a.nsbmd.bmp > 256-Color
..\Imagens Originais\model\staffroll\staff12a.nsbmd.bmp > 256-Color
..\Imagens Originais\model\staffroll\staff13a.nsbmd.bmp > 256-Color
..\Imagens Originais\model\staffroll\staff14a.nsbmd.bmp > 256-Color
..\Imagens Originais\model\staffroll\staff15a.nsbmd.bmp > 256-Color
..\Imagens Originais\model\staffroll\staff16a.nsbmd.bmp > 256-Color
..\Imagens Originais\model\staffroll\staff17a.nsbmd.bmp > 256-Color
..\Imagens Originais\model\story\bg000a.nsbmd.bmp > 16-Color
..\Imagens Originais\model\story\bgst000a.nsbmd.bmp > 256-Color
..\Imagens Originais\model\story\bgst001a.nsbmd.bmp > 256-Color
..\Imagens Originais\model\story\bgst002a.nsbmd.bmp > 256-Color
..\Imagens Originais\model\story\bgst003a.nsbmd.bmp > 256-Color
..\Imagens Originais\model\story\bgst004a.nsbmd.bmp > 256-Color
..\Imagens Originais\model\story\bgst005a.nsbmd.bmp > 256-Color
..\Imagens Originais\model\story\bgst006a.nsbmd.bmp > 256-Color
..\Imagens Originais\model\story\bgst007a.nsbmd.bmp > 256-Color
..\Imagens Originais\model\story\bgst008a.nsbmd.bmp > 256-Color
..\Imagens Originais\model\story\bgst009a.nsbmd.bmp > 256-Color
..\Imagens Originais\model\story\bgst010a.nsbmd.bmp > 256-Color
..\Imagens Originais\model\story\bgst010b.nsbmd.bmp > 256-Color
..\Imagens Originais\model\story\bgst010c.nsbmd.bmp > 256-Color
..\Imagens Originais\model\story\bgst011a.nsbmd.bmp > 256-Color
..\Imagens Originais\model\story\bgst011b.nsbmd.bmp > 256-Color
..\Imagens Originais\model\story\bgst012a.nsbmd.bmp > 256-Color
..\Imagens Originais\model\story\bgst013a.nsbmd.bmp > 256-Color
..\Imagens Originais\model\story\bgst014a.nsbmd.bmp > 16-Color
..\Imagens Originais\model\story\bgst014b.nsbmd.bmp > 16-Color
..\Imagens Originais\model\story\bgst015a.nsbmd.bmp > A5I3
..\Imagens Originais\model\story\bgst016a.nsbmd.bmp > 256-Color
..\Imagens Originais\model\story\chapt01a.nsbmd.bmp > 256-Color
..\Imagens Originais\model\story\chapt02a.nsbmd.bmp > 256-Color
..\Imagens Originais\model\story\cut000a.nsbmd.bmp > 256-Color
..\Imagens Originais\model\story\cut001a.nsbmd.bmp > 256-Color
..\Imagens Originais\model\story\cut002a.nsbmd.bmp > 256-Color
..\Imagens Originais\model\story\cut003a.nsbmd.bmp > 256-Color
..\Imagens Originais\model\story\cut004a.nsbmd.bmp > 256-Color
..\Imagens Originais\model\story\cut005a.nsbmd.bmp > 256-Color
..\Imagens Originais\model\story\cut006a.nsbmd.bmp > 256-Color
..\Imagens Originais\model\story\cut006b.nsbmd.bmp > 256-Color
..\Imagens Originais\model\story\cut007a.nsbmd.bmp > 256-Color
..\Imagens Originais\model\story\cut008a.nsbmd.bmp > 256-Color
..\Imagens Originais\model\story\cut008b.nsbmd.bmp > 256-Color
..\Imagens Originais\model\story\cut009a.nsbmd.bmp > 16-Color
..\Imagens Originais\model\story\cut009b.nsbmd.bmp > 4-Color
..\Imagens Originais\model\story\cut009c.nsbmd.bmp > 16-Color
..\Imagens Originais\model\story\epbg00a.nsbmd.bmp > 256-Color
..\Imagens Originais\model\story\epbg01a.nsbmd.bmp > 256-Color
..\Imagens Originais\model\story\epbg02a.nsbmd.bmp > 256-Color
..\Imagens Originais\model\story\epbg03a.nsbmd.bmp > 256-Color
..\Imagens Originais\model\story\epbg04a.nsbmd.bmp > 256-Color
..\Imagens Originais\model\story\epbg05a.nsbmd.bmp > 256-Color
..\Imagens Originais\model\story\epbg06a.nsbmd.bmp > 256-Color
..\Imagens Originais\model\story\epbg07a.nsbmd.bmp > 256-Color
..\Imagens Originais\model\story\epbg08a.nsbmd.bmp > 256-Color
..\Imagens Originais\model\story\epbg09a.nsbmd.bmp > 256-Color
..\Imagens Originais\model\story\epbg10a.nsbmd.bmp > 256-Color
..\Imagens Originais\model\story\epbg11a.nsbmd.bmp > 256-Color
..\Imagens Originais\model\story\epbg1xa.nsbmd.bmp > 256-Color
..\Imagens Originais\model\story\epline.nsbmd.bmp > 256-Color
..\Imagens Originais\model\story\evt000a.nsbmd.bmp > 256-Color
..\Imagens Originais\model\story\evt001a.nsbmd.bmp > 256-Color
..\Imagens Originais\model\story\evt002a.nsbmd.bmp > 256-Color
..\Imagens Originais\model\story\evt003a.nsbmd.bmp > 256-Color
..\Imagens Originais\model\story\evt003b.nsbmd.bmp > 256-Color
..\Imagens Originais\model\story\evt004a.nsbmd.bmp > 256-Color
..\Imagens Originais\model\story\evt005a.nsbmd.bmp > 256-Color
..\Imagens Originais\model\story\evt006a.nsbmd.bmp > 256-Color
..\Imagens Originais\model\story\evt008a.nsbmd.bmp > 256-Color
..\Imagens Originais\model\story\evt008b.nsbmd.bmp > 256-Color
..\Imagens Originais\model\story\evt008c.nsbmd.bmp > 256-Color
..\Imagens Originais\model\story\evt009a.nsbmd.bmp > 256-Color
..\Imagens Originais\model\story\evt010a.nsbmd.bmp > 256-Color
..\Imagens Originais\model\story\evt011a.nsbmd.bmp > 256-Color
..\Imagens Originais\model\story\evt012a.nsbmd.bmp > 256-Color
..\Imagens Originais\model\story\evt013a.nsbmd.bmp > 256-Color
..\Imagens Originais\model\story\evt014a.nsbmd.bmp > 256-Color
..\Imagens Originais\model\story\evt015a.nsbmd.bmp > 256-Color
..\Imagens Originais\model\story\evt015b.nsbmd.bmp > 256-Color
..\Imagens Originais\model\story\evt015c.nsbmd.bmp > 256-Color
..\Imagens Originais\model\story\evt016a.nsbmd.bmp > 256-Color
..\Imagens Originais\model\story\evt016b.nsbmd.bmp > 256-Color
..\Imagens Originais\model\story\evt017a.nsbmd.bmp > 256-Color
..\Imagens Originais\model\story\evt017b.nsbmd.bmp > 256-Color
..\Imagens Originais\model\story\evt018a.nsbmd.bmp > 256-Color
..\Imagens Originais\model\story\evt019a.nsbmd.bmp > 256-Color
..\Imagens Originais\model\story\evt019b.nsbmd.bmp > 256-Color
..\Imagens Originais\model\story\evt019c.nsbmd.bmp > 256-Color
..\Imagens Originais\model\story\evt019d.nsbmd.bmp > 256-Color
..\Imagens Originais\model\story\evt019e.nsbmd.bmp > 256-Color
..\Imagens Originais\model\story\evt019f.nsbmd.bmp > 256-Color
..\Imagens Originais\model\story\evt019g.nsbmd.bmp > 256-Color
..\Imagens Originais\model\story\tut00a.nsbmd.bmp > 256-Color
..\Imagens Originais\model\story\tut01a.nsbmd.bmp > 16-Color
..\Imagens Originais\model\story\tut02a.nsbmd.bmp > 16-Color
..\Imagens Originais\model\story\tut03a.nsbmd.bmp > 16-Color
..\Imagens Originais\model\story\tut04a.nsbmd.bmp > 16-Color
..\Imagens Originais\model\story\tut05a.nsbmd.bmp > 16-Color
